<?xml version="1.0" encoding="UTF-8"?>
<testsuite name="org.example.CentimeterTest" tests="2" skipped="0" failures="0" errors="0" timestamp="2023-09-12T04:56:19" hostname="Meenals-MacBook-Pro.local" time="0.011">
  <properties/>
  <testcase name="showNotEqualIfCentimeterIsEqual()" classname="org.example.CentimeterTest" time="0.01"/>
  <testcase name="showEqualIfCentimeterIsEqual()" classname="org.example.CentimeterTest" time="0.001"/>
  <system-out><![CDATA[]]></system-out>
  <system-err><![CDATA[]]></system-err>
</testsuite>
