<?xml version="1.0" encoding="UTF-8"?>
<testsuite name="org.example.MeasurementTest" tests="5" skipped="0" failures="0" errors="0" timestamp="2023-09-12T06:32:29" hostname="Meenals-MacBook-Pro.local" time="0.013">
  <properties/>
  <testcase name="showNotEqualIf1MeterIsEqualTo100Centimeters()" classname="org.example.MeasurementTest" time="0.008"/>
  <testcase name="showNonEqualIfCentimeterIsEqualToOtherCentimeterTest()" classname="org.example.MeasurementTest" time="0.0"/>
  <testcase name="showEqualIfCentimeterIsSameToOtherCentimeterTest()" classname="org.example.MeasurementTest" time="0.001"/>
  <testcase name="showEqualIf1MeterIsEqualTo100Centimeters()" classname="org.example.MeasurementTest" time="0.001"/>
  <testcase name="showEqualIfCentimeterIsEqualToOtherCentimeterTest()" classname="org.example.MeasurementTest" time="0.001"/>
  <system-out><![CDATA[]]></system-out>
  <system-err><![CDATA[]]></system-err>
</testsuite>
