<?xml version="1.0" encoding="UTF-8"?>
<testsuite name="org.example.LengthTest" tests="7" skipped="0" failures="0" errors="0" timestamp="2023-09-12T10:14:12" hostname="Meenals-MacBook-Pro.local" time="0.022">
  <properties/>
  <testcase name="show200CentimetersWhenInputIs100CentimetersAnd1Meter()" classname="org.example.LengthTest" time="0.017"/>
  <testcase name="showNotEqualIf1MeterIsEqualTo100Centimeters()" classname="org.example.LengthTest" time="0.001"/>
  <testcase name="showNonEqualIfCentimeterIsEqualToOtherCentimeterTest()" classname="org.example.LengthTest" time="0.001"/>
  <testcase name="showEqualIfCentimeterIsSameToOtherCentimeterTest()" classname="org.example.LengthTest" time="0.001"/>
  <testcase name="showEqualIf1MeterIsEqualTo100Centimeters()" classname="org.example.LengthTest" time="0.001"/>
  <testcase name="show2MetersWhenInputIs1metersAnd100Centimeter()" classname="org.example.LengthTest" time="0.0"/>
  <testcase name="showEqualIfCentimeterIsEqualToOtherCentimeterTest()" classname="org.example.LengthTest" time="0.0"/>
  <system-out><![CDATA[]]></system-out>
  <system-err><![CDATA[]]></system-err>
</testsuite>
